<?xml version="1.0" encoding="UTF-8"?>
<!-- Generated by org.testng.reporters.JUnitReportReporter -->
<testsuite hostname="DESKTOP-HIN4ESK" failures="0" tests="1" name="tests.softwaretest" time="3.937" errors="0" timestamp="2024-10-06T15:34:13 IST" skipped="0">
  <testcase classname="tests.softwaretest" name="softwaretesting" time="3.937"/>
  <system-out/>
</testsuite> <!-- tests.softwaretest -->
