<?xml version="1.0" encoding="UTF-8"?>
<!-- Generated by org.testng.reporters.JUnitReportReporter -->
<testsuite hostname="DESKTOP-HIN4ESK" failures="0" tests="1" name="tests.laptoptests" time="9.250" errors="0" timestamp="2024-10-06T15:34:13 IST" skipped="0">
  <testcase classname="tests.laptoptests" name="laptopproducts" time="9.250"/>
  <system-out/>
</testsuite> <!-- tests.laptoptests -->
