<?xml version="1.0" encoding="UTF-8"?>
<!-- Generated by org.testng.reporters.JUnitReportReporter -->
<testsuite hostname="DESKTOP-HIN4ESK" failures="0" tests="1" name="tests.Signuptest" time="51.286" errors="0" timestamp="2024-10-06T15:34:13 IST" skipped="0">
  <testcase classname="tests.Signuptest" name="signupform" time="51.286"/>
  <system-out/>
</testsuite> <!-- tests.Signuptest -->
