<?xml version="1.0" encoding="UTF-8"?>
<!-- Generated by org.testng.reporters.JUnitReportReporter -->
<testsuite hostname="DESKTOP-HIN4ESK" failures="0" tests="1" name="tests.phonetests" time="8.231" errors="0" timestamp="2024-10-06T15:34:13 IST" skipped="0">
  <testcase classname="tests.phonetests" name="phonetesting" time="8.231"/>
  <system-out/>
</testsuite> <!-- tests.phonetests -->
