<?xml version="1.0" encoding="UTF-8"?>
<!-- Generated by org.testng.reporters.JUnitReportReporter -->
<testsuite hostname="DESKTOP-HIN4ESK" failures="0" tests="1" name="tests.laptoptests" time="10.160" errors="0" timestamp="2024-10-06T15:46:21 IST" skipped="0">
  <testcase classname="tests.laptoptests" name="laptopproducts" time="10.160"/>
</testsuite> <!-- tests.laptoptests -->
